{
  "RSpec": {
    "coverage": {
      "/Users/student/Programing/Week-4/bookmark-manager/app.rb": {
        "lines": [
          1,
          null,
          1,
          1,
          1,
          null,
          null,
          1,
          1,
          null,
          null
        ]
      },
      "/Users/student/Programing/Week-4/bookmark-manager/spec/bookmark_spec.rb": {
        "lines": [
          1,
          null,
          1,
          1,
          1,
          1,
          null,
          null,
          null
        ]
      },
      "/Users/student/Programing/Week-4/bookmark-manager/lib/bookmark.rb": {
        "lines": [
          1,
          1,
          1,
          null,
          null
        ]
      },
      "/Users/student/Programing/Week-4/bookmark-manager/spec/features/bookmarks_spec.rb": {
        "lines": [
          1,
          1,
          1,
          1,
          null,
          null
        ]
      },
      "/Users/student/Programing/Week-4/bookmark-manager/spec/features/set_up_spec.rb": {
        "lines": [
          1,
          1,
          1,
          1,
          null,
          null
        ]
      }
    },
    "timestamp": 1591019993
  }
}
