{
  "RSpec": {
    "coverage": {
      "/Users/devbook/Projects/Week4/bookmark-manager/app.rb": {
        "lines": [
          1,
          1,
          null,
          1,
          1,
          1,
          null,
          null,
          1,
          1,
          1,
          null,
          null
        ]
      },
      "/Users/devbook/Projects/Week4/bookmark-manager/lib/bookmark.rb": {
        "lines": [
          1,
          null,
          1,
          1,
          3,
          3,
          3,
          3,
          9,
          null,
          null,
          3,
          null,
          null,
          null,
          1,
          1
        ]
      },
      "/Users/devbook/Projects/Week4/bookmark-manager/spec/bookmark_spec.rb": {
        "lines": [
          1,
          null,
          1,
          1,
          1,
          1,
          null,
          null,
          null
        ]
      },
      "/Users/devbook/Projects/Week4/bookmark-manager/spec/features/bookmarks_spec.rb": {
        "lines": [
          1,
          1,
          1,
          1,
          null,
          null
        ]
      },
      "/Users/devbook/Projects/Week4/bookmark-manager/spec/features/set_up_spec.rb": {
        "lines": [
          1,
          1,
          1,
          1,
          null,
          null
        ]
      }
    },
    "timestamp": 1591026963
  }
}
